<?xml version="1.0" encoding="UTF-8"?>
<!-- Generated by org.testng.reporters.JUnitReportReporter -->
<testsuite hostname="QR022" name="org.helm.notation2.parser.ConnectionNotationTest" tests="1" failures="0" timestamp="2 Nov 2016 08:02:59 GMT" time="0.070" errors="0">
  <testcase name="testConnectionRNA" time="0.070" classname="org.helm.notation2.parser.ConnectionNotationTest"/>
</testsuite> <!-- org.helm.notation2.parser.ConnectionNotationTest -->
