<?xml version="1.0" encoding="UTF-8"?>
<!-- Generated by org.testng.reporters.JUnitReportReporter -->
<testsuite hostname="QR022" name="parsertest.simplepolymerssectiontest.BetweenParserTest" tests="4" failures="0" timestamp="21 Dec 2016 09:19:43 GMT" time="0.057" errors="0">
  <testcase name="goToSimplePolymersParser" time="0.001" classname="parsertest.simplepolymerssectiontest.BetweenParserTest"/>
  <testcase name="Reading$WithException" time="0.054" classname="parsertest.simplepolymerssectiontest.BetweenParserTest"/>
  <testcase name="goToConnectionsParser" time="0.001" classname="parsertest.simplepolymerssectiontest.BetweenParserTest"/>
  <testcase name="goToInlineAnnotationsParser" time="0.001" classname="parsertest.simplepolymerssectiontest.BetweenParserTest"/>
</testsuite> <!-- parsertest.simplepolymerssectiontest.BetweenParserTest -->
