<?xml version="1.0" encoding="UTF-8"?>
<!-- Generated by org.testng.reporters.JUnitReportReporter -->
<testsuite hostname="QR022" name="parsertest.connectionsectiontest.TestInputConnectionSection" tests="1" failures="0" timestamp="20 Dec 2016 08:21:58 GMT" time="4.776" errors="0">
  <testcase name="testHydrogenBondInConnectionSection" time="4.776" classname="parsertest.connectionsectiontest.TestInputConnectionSection"/>
</testsuite> <!-- parsertest.connectionsectiontest.TestInputConnectionSection -->
