<?xml version="1.0" encoding="UTF-8"?>
<!-- Generated by org.testng.reporters.JUnitReportReporter -->
<testsuite hostname="QR022" name="org.helm.notation2.parser.NotationTest" tests="1" failures="0" timestamp="20 Dec 2016 13:01:47 GMT" time="0.698" errors="0">
  <testcase name="testPositiveInput" time="0.698" classname="org.helm.notation2.parser.NotationTest"/>
</testsuite> <!-- org.helm.notation2.parser.NotationTest -->
