<?xml version="1.0" encoding="UTF-8"?>
<!-- Generated by org.testng.reporters.JUnitReportReporter -->
<testsuite hostname="QR022" name="org.helm.notation2.parser.GroupingNotationTest" tests="1" failures="0" timestamp="20 Dec 2016 07:47:08 GMT" time="0.088" errors="0">
  <testcase name="testGroupingNotationOR" time="0.088" classname="org.helm.notation2.parser.GroupingNotationTest"/>
</testsuite> <!-- org.helm.notation2.parser.GroupingNotationTest -->
