<?xml version="1.0" encoding="UTF-8"?>
<!-- Generated by org.testng.reporters.JUnitReportReporter -->
<testsuite hostname="QR022" name="parsertest.simplepolymerssectiontest.SimplePolymersParserTest" tests="4" failures="0" timestamp="21 Dec 2016 09:19:29 GMT" time="0.061" errors="0">
  <testcase name="goToSimplePolymersNotationParserTest" time="0.000" classname="parsertest.simplepolymerssectiontest.SimplePolymersParserTest"/>
  <testcase name="keepThisStateTest" time="0.000" classname="parsertest.simplepolymerssectiontest.SimplePolymersParserTest"/>
  <testcase name="goToConnectionSectionTest" time="0.060" classname="parsertest.simplepolymerssectiontest.SimplePolymersParserTest"/>
  <testcase name="goToSimplePolymersNotationParserTestWithException" time="0.001" classname="parsertest.simplepolymerssectiontest.SimplePolymersParserTest"/>
</testsuite> <!-- parsertest.simplepolymerssectiontest.SimplePolymersParserTest -->
