<?xml version="1.0" encoding="UTF-8"?>
<!-- Generated by org.testng.reporters.JUnitReportReporter -->
<testsuite hostname="QR022" name="parsertest.simplepolymerssectiontest.TestInputSimplePolymerSection" tests="15" failures="0" timestamp="21 Dec 2016 09:19:21 GMT" time="0.322" errors="0">
  <testcase name="testInlineAnnotations" time="0.017" classname="parsertest.simplepolymerssectiontest.TestInputSimplePolymerSection"/>
  <testcase name="testLysineThereOrNot" time="0.022" classname="parsertest.simplepolymerssectiontest.TestInputSimplePolymerSection"/>
  <testcase name="testMonomerRepeatingUnitsWithException" time="0.001" classname="parsertest.simplepolymerssectiontest.TestInputSimplePolymerSection"/>
  <testcase name="testRepeatedFragmentsWithException" time="0.001" classname="parsertest.simplepolymerssectiontest.TestInputSimplePolymerSection"/>
  <testcase name="testRepeatedFragments" time="0.171" classname="parsertest.simplepolymerssectiontest.TestInputSimplePolymerSection"/>
  <testcase name="testSimpleInput" time="0.019" classname="parsertest.simplepolymerssectiontest.TestInputSimplePolymerSection"/>
  <testcase name="testMonomerRepeatingRange" time="0.001" classname="parsertest.simplepolymerssectiontest.TestInputSimplePolymerSection"/>
  <testcase name="testInlineAnnoationsInBrackets" time="0.018" classname="parsertest.simplepolymerssectiontest.TestInputSimplePolymerSection"/>
  <testcase name="testInlineAnnotationsPolymerUnknown" time="0.001" classname="parsertest.simplepolymerssectiontest.TestInputSimplePolymerSection"/>
  <testcase name="testInlineAnnotationsPolymerWithException" time="0.011" classname="parsertest.simplepolymerssectiontest.TestInputSimplePolymerSection"/>
  <testcase name="testInlineAnnoationsWithException" time="0.012" classname="parsertest.simplepolymerssectiontest.TestInputSimplePolymerSection"/>
  <testcase name="testNewSimplePolymerType" time="0.019" classname="parsertest.simplepolymerssectiontest.TestInputSimplePolymerSection"/>
  <testcase name="testInlineAnnotationsPolymer" time="0.022" classname="parsertest.simplepolymerssectiontest.TestInputSimplePolymerSection"/>
  <testcase name="testMonomerRepeatingUnits" time="0.005" classname="parsertest.simplepolymerssectiontest.TestInputSimplePolymerSection"/>
  <testcase name="testMonomerRepeating" time="0.002" classname="parsertest.simplepolymerssectiontest.TestInputSimplePolymerSection"/>
</testsuite> <!-- parsertest.simplepolymerssectiontest.TestInputSimplePolymerSection -->
