<?xml version="1.0" encoding="UTF-8"?>
<!-- Generated by org.testng.reporters.JUnitReportReporter -->
<testsuite hostname="QR022" name="org.helm.notation2.parser.JSONTest" tests="1" failures="0" timestamp="21 Dec 2016 12:21:12 GMT" time="0.233" errors="0">
  <testcase name="testJSONTest2" time="0.233" classname="org.helm.notation2.parser.JSONTest"/>
</testsuite> <!-- org.helm.notation2.parser.JSONTest -->
